-------------------------------------------------
Mar 13 2018 11:37:29
-------------------------------------------------
Mar 13 2018 12:07:51
-------------------------------------------------
Mar 13 2018 12:07:51
Shader compilation error, index :2
Shader info log for GL index 2:
ERROR: 0:2: Too few arguments to constructor of 'vec4'

-------------------------------------------------
Mar 13 2018 12:07:51
-------------------------------------------------
Mar 13 2018 12:07:51
-------------------------------------------------
Mar 13 2018 12:07:51
-------------------------------------------------
Mar 13 2018 12:07:51
-------------------------------------------------
Mar 13 2018 12:07:51
-------------------------------------------------
Mar 13 2018 12:07:51
-------------------------------------------------
Mar 13 2018 12:07:51
-------------------------------------------------
Mar 13 2018 12:07:51
-------------------------------------------------
Mar 13 2018 12:07:51
-------------------------------------------------
Mar 13 2018 12:07:51
-------------------------------------------------
Mar 13 2018 12:07:51
-------------------------------------------------
Mar 13 2018 12:07:51
-------------------------------------------------
Mar 13 2018 12:07:51
-------------------------------------------------
Mar 13 2018 12:07:51
-------------------------------------------------
Mar 13 2018 12:07:51
-------------------------------------------------
Mar 13 2018 12:07:51
-------------------------------------------------
Mar 13 2018 12:07:51
-------------------------------------------------
Mar 13 2018 12:07:51
-------------------------------------------------
Mar 13 2018 12:07:51
-------------------------------------------------
Mar 13 2018 12:07:51
-------------------------------------------------
Mar 13 2018 12:07:51
-------------------------------------------------
Mar 13 2018 12:07:51
